<?xml version="1.0" encoding="UTF-8"?>
<!-- Generated by org.testng.reporters.JUnitReportReporter -->
<testsuite hostname="DESKTOP-BURN194" failures="0" tests="1" name="com.testCases.TC_002LoginTest" time="2.396" errors="0" timestamp="2024-10-16T14:30:12 IST" skipped="0">
  <testcase classname="com.testCases.TC_002LoginTest" name="verifying_Login" time="2.396"/>
</testsuite> <!-- com.testCases.TC_002LoginTest -->
